--- RECEIVED driver_go_online from 17eef2bc-5c38-4075-ac8f-9cc4064bb38b ---
Updating DB...
Joining room...
Emitting status...
Firing callback...
--- RECEIVED driver_go_online from 17eef2bc-5c38-4075-ac8f-9cc4064bb38b ---
Updating DB...
Joining room...
Emitting status...
Firing callback...
--- RECEIVED driver_go_online from 17eef2bc-5c38-4075-ac8f-9cc4064bb38b ---
Updating DB...
Joining room...
Emitting status...
Firing callback...
--- RECEIVED driver_go_online from 17eef2bc-5c38-4075-ac8f-9cc4064bb38b ---
Updating DB...
Joining room...
Emitting status...
Firing callback...
--- RECEIVED driver_go_online from 17eef2bc-5c38-4075-ac8f-9cc4064bb38b ---
Updating DB...
Joining room...
Emitting status...
Firing callback...
--- RECEIVED driver_go_online from 17eef2bc-5c38-4075-ac8f-9cc4064bb38b ---
Updating DB...
Joining room...
Emitting status...
Firing callback...
--- RECEIVED driver_go_online from 17eef2bc-5c38-4075-ac8f-9cc4064bb38b ---
Updating DB...
Joining room...
Emitting status...
Firing callback...
--- RECEIVED driver_go_online from 17eef2bc-5c38-4075-ac8f-9cc4064bb38b ---
Updating DB...
Joining room...
Emitting status...
Firing callback...
--- RECEIVED driver_go_online from 17eef2bc-5c38-4075-ac8f-9cc4064bb38b ---
Updating DB...
Joining room...
Emitting status...
Firing callback...
--- RECEIVED driver_go_online from 17eef2bc-5c38-4075-ac8f-9cc4064bb38b ---
Updating DB...
Joining room...
Emitting status...
Firing callback...
--- RECEIVED driver_go_online from 17eef2bc-5c38-4075-ac8f-9cc4064bb38b ---
Updating DB...
Joining room...
Emitting status...
Firing callback...
--- RECEIVED driver_go_online from 17eef2bc-5c38-4075-ac8f-9cc4064bb38b ---
Updating DB...
Joining room...
Emitting status...
Firing callback...
--- RECEIVED driver_go_online from 17eef2bc-5c38-4075-ac8f-9cc4064bb38b ---
Updating DB...
Joining room...
Emitting status...
Firing callback...
--- RECEIVED driver_go_online from 17eef2bc-5c38-4075-ac8f-9cc4064bb38b ---
Updating DB...
Joining room...
Emitting status...
Firing callback...
--- RECEIVED driver_go_online from 17eef2bc-5c38-4075-ac8f-9cc4064bb38b ---
Updating DB...
Joining room...
Emitting status...
Firing callback...
--- RECEIVED driver_go_online from 17eef2bc-5c38-4075-ac8f-9cc4064bb38b ---
Updating DB...
Joining room...
Emitting status...
Firing callback...
--- RECEIVED driver_go_online from 17eef2bc-5c38-4075-ac8f-9cc4064bb38b ---
Updating DB...
Joining room...
Emitting status...
Firing callback...
